<?xml version="1.0" encoding="UTF-8"?>
<!-- Generated by org.testng.reporters.JUnitReportReporter -->
<testsuite skipped="0" hostname="BLT036" name="com.cts.test.LoginTest" tests="1" failures="0" timestamp="2020-03-05T16:35:16 IST" time="81.201" errors="0">
  <testcase name="registrationTest" time="81.201" classname="com.cts.test.LoginTest"/>
</testsuite> <!-- com.cts.test.LoginTest -->
